# JRE version: OpenJDK Runtime Environment (8.0_152-b01) (build 1.8.0_152-release-1343-b01)
# Java VM: OpenJDK 64-Bit Server VM (25.152-b01 mixed mode windows-amd64 compressed oops)
Heap:
 PSYoungGen      total 425472K, used 317632K [0x00000000e0000000, 0x00000000ffe00000, 0x0000000100000000)
  eden space 349184K, 70% used [0x00000000e0000000,0x00000000ef0637b0,0x00000000f5500000)
  from space 76288K, 93% used [0x00000000fa980000,0x00000000fef4cae0,0x00000000ff400000)
  to   space 86528K, 0% used [0x00000000f5500000,0x00000000f5500000,0x00000000fa980000)
 ParOldGen       total 203776K, used 56626K [0x00000000a0000000, 0x00000000ac700000, 0x00000000e0000000)
  object space 203776K, 27% used [0x00000000a0000000,0x00000000a374c8d8,0x00000000ac700000)
 Metaspace       used 68191K, capacity 70637K, committed 70784K, reserved 1112064K
  class space    used 8073K, capacity 8717K, committed 8832K, reserved 1048576K
GC Heap History (10 events):
Event: 6841.107 GC heap before
{Heap before GC invocations=19 (full 5):
 PSYoungGen      total 274944K, used 9565K [0x00000000e0000000, 0x00000000f4800000, 0x0000000100000000)
  eden space 216064K, 0% used [0x00000000e0000000,0x00000000e0000000,0x00000000ed300000)
  from space 58880K, 16% used [0x00000000f0e80000,0x00000000f17d7490,0x00000000f4800000)
  to   space 59904K, 0% used [0x00000000ed300000,0x00000000ed300000,0x00000000f0d80000)
 ParOldGen       total 203776K, used 29245K [0x00000000a0000000, 0x00000000ac700000, 0x00000000e0000000)
  object space 203776K, 14% used [0x00000000a0000000,0x00000000a1c8f7c0,0x00000000ac700000)
 Metaspace       used 58831K, capacity 60147K, committed 60376K, reserved 1101824K
  class space    used 7180K, capacity 7508K, committed 7552K, reserved 1048576K
Event: 6841.622 GC heap after
Heap after GC invocations=19 (full 5):
 PSYoungGen      total 274944K, used 0K [0x00000000e0000000, 0x00000000f4800000, 0x0000000100000000)
  eden space 216064K, 0% used [0x00000000e0000000,0x00000000e0000000,0x00000000ed300000)
  from space 58880K, 0% used [0x00000000f0e80000,0x00000000f0e80000,0x00000000f4800000)
  to   space 59904K, 0% used [0x00000000ed300000,0x00000000ed300000,0x00000000f0d80000)
 ParOldGen       total 203776K, used 18201K [0x00000000a0000000, 0x00000000ac700000, 0x00000000e0000000)
  object space 203776K, 8% used [0x00000000a0000000,0x00000000a11c6598,0x00000000ac700000)
 Metaspace       used 57364K, capacity 58355K, committed 60376K, reserved 1101824K
  class space    used 6984K, capacity 7224K, committed 7552K, reserved 1048576K
}
Event: 7436.940 GC heap before
{Heap before GC invocations=20 (full 5):
 PSYoungGen      total 274944K, used 216064K [0x00000000e0000000, 0x00000000f4800000, 0x0000000100000000)
  eden space 216064K, 100% used [0x00000000e0000000,0x00000000ed300000,0x00000000ed300000)
  from space 58880K, 0% used [0x00000000f0e80000,0x00000000f0e80000,0x00000000f4800000)
  to   space 59904K, 0% used [0x00000000ed300000,0x00000000ed300000,0x00000000f0d80000)
 ParOldGen       total 203776K, used 18201K [0x00000000a0000000, 0x00000000ac700000, 0x00000000e0000000)
  object space 203776K, 8% used [0x00000000a0000000,0x00000000a11c6598,0x00000000ac700000)
 Metaspace       used 58381K, capacity 59557K, committed 60376K, reserved 1101824K
  class space    used 7066K, capacity 7343K, committed 7552K, reserved 1048576K
Event: 7437.025 GC heap after
Heap after GC invocations=20 (full 5):
 PSYoungGen      total 275968K, used 47028K [0x00000000e0000000, 0x00000000f8f80000, 0x0000000100000000)
  eden space 216064K, 0% used [0x00000000e0000000,0x00000000e0000000,0x00000000ed300000)
  from space 59904K, 78% used [0x00000000ed300000,0x00000000f00ed0e8,0x00000000f0d80000)
  to   space 65024K, 0% used [0x00000000f5000000,0x00000000f5000000,0x00000000f8f80000)
 ParOldGen       total 203776K, used 18209K [0x00000000a0000000, 0x00000000ac700000, 0x00000000e0000000)
  object space 203776K, 8% used [0x00000000a0000000,0x00000000a11c8598,0x00000000ac700000)
 Metaspace       used 58381K, capacity 59557K, committed 60376K, reserved 1101824K
  class space    used 7066K, capacity 7343K, committed 7552K, reserved 1048576K
}
Event: 7442.695 GC heap before
{Heap before GC invocations=21 (full 5):
 PSYoungGen      total 275968K, used 263092K [0x00000000e0000000, 0x00000000f8f80000, 0x0000000100000000)
  eden space 216064K, 100% used [0x00000000e0000000,0x00000000ed300000,0x00000000ed300000)
  from space 59904K, 78% used [0x00000000ed300000,0x00000000f00ed0e8,0x00000000f0d80000)
  to   space 65024K, 0% used [0x00000000f5000000,0x00000000f5000000,0x00000000f8f80000)
 ParOldGen       total 203776K, used 18209K [0x00000000a0000000, 0x00000000ac700000, 0x00000000e0000000)
  object space 203776K, 8% used [0x00000000a0000000,0x00000000a11c8598,0x00000000ac700000)
 Metaspace       used 60180K, capacity 61501K, committed 61696K, reserved 1103872K
  class space    used 7272K, capacity 7605K, committed 7680K, reserved 1048576K
Event: 7442.749 GC heap after
Heap after GC invocations=21 (full 5):
 PSYoungGen      total 326656K, used 26398K [0x00000000e0000000, 0x00000000f8300000, 0x0000000100000000)
  eden space 274432K, 0% used [0x00000000e0000000,0x00000000e0000000,0x00000000f0c00000)
  from space 52224K, 50% used [0x00000000f5000000,0x00000000f69c7958,0x00000000f8300000)
  to   space 60928K, 0% used [0x00000000f0c00000,0x00000000f0c00000,0x00000000f4780000)
 ParOldGen       total 203776K, used 18217K [0x00000000a0000000, 0x00000000ac700000, 0x00000000e0000000)
  object space 203776K, 8% used [0x00000000a0000000,0x00000000a11ca598,0x00000000ac700000)
 Metaspace       used 60180K, capacity 61501K, committed 61696K, reserved 1103872K
  class space    used 7272K, capacity 7605K, committed 7680K, reserved 1048576K
}
Event: 7447.808 GC heap before
{Heap before GC invocations=22 (full 5):
 PSYoungGen      total 326656K, used 300830K [0x00000000e0000000, 0x00000000f8300000, 0x0000000100000000)
  eden space 274432K, 100% used [0x00000000e0000000,0x00000000f0c00000,0x00000000f0c00000)
  from space 52224K, 50% used [0x00000000f5000000,0x00000000f69c7958,0x00000000f8300000)
  to   space 60928K, 0% used [0x00000000f0c00000,0x00000000f0c00000,0x00000000f4780000)
 ParOldGen       total 203776K, used 18217K [0x00000000a0000000, 0x00000000ac700000, 0x00000000e0000000)
  object space 203776K, 8% used [0x00000000a0000000,0x00000000a11ca598,0x00000000ac700000)
 Metaspace       used 62286K, capacity 63727K, committed 63872K, reserved 1105920K
  class space    used 7440K, capacity 7784K, committed 7808K, reserved 1048576K
Event: 7448.024 GC heap after
Heap after GC invocations=22 (full 5):
 PSYoungGen      total 335360K, used 60906K [0x00000000e0000000, 0x00000000ff400000, 0x0000000100000000)
  eden space 274432K, 0% used [0x00000000e0000000,0x00000000e0000000,0x00000000f0c00000)
  from space 60928K, 99% used [0x00000000f0c00000,0x00000000f477aa40,0x00000000f4780000)
  to   space 76288K, 0% used [0x00000000fa980000,0x00000000fa980000,0x00000000ff400000)
 ParOldGen       total 203776K, used 34043K [0x00000000a0000000, 0x00000000ac700000, 0x00000000e0000000)
  object space 203776K, 16% used [0x00000000a0000000,0x00000000a213edd0,0x00000000ac700000)
 Metaspace       used 62286K, capacity 63727K, committed 63872K, reserved 1105920K
  class space    used 7440K, capacity 7784K, committed 7808K, reserved 1048576K
}
Event: 7516.253 GC heap before
{Heap before GC invocations=23 (full 5):
 PSYoungGen      total 335360K, used 334765K [0x00000000e0000000, 0x00000000ff400000, 0x0000000100000000)
  eden space 274432K, 99% used [0x00000000e0000000,0x00000000f0b70ab0,0x00000000f0c00000)
  from space 60928K, 99% used [0x00000000f0c00000,0x00000000f477aa40,0x00000000f4780000)
  to   space 76288K, 0% used [0x00000000fa980000,0x00000000fa980000,0x00000000ff400000)
 ParOldGen       total 203776K, used 34043K [0x00000000a0000000, 0x00000000ac700000, 0x00000000e0000000)
  object space 203776K, 16% used [0x00000000a0000000,0x00000000a213edd0,0x00000000ac700000)
 Metaspace       used 66275K, capacity 68497K, committed 68736K, reserved 1110016K
  class space    used 7901K, capacity 8463K, committed 8576K, reserved 1048576K
Event: 7516.463 GC heap after
Heap after GC invocations=23 (full 5):
 PSYoungGen      total 425472K, used 71474K [0x00000000e0000000, 0x00000000ffe00000, 0x0000000100000000)
  eden space 349184K, 0% used [0x00000000e0000000,0x00000000e0000000,0x00000000f5500000)
  from space 76288K, 93% used [0x00000000fa980000,0x00000000fef4cae0,0x00000000ff400000)
  to   space 86528K, 0% used [0x00000000f5500000,0x00000000f5500000,0x00000000fa980000)
 ParOldGen       total 203776K, used 56626K [0x00000000a0000000, 0x00000000ac700000, 0x00000000e0000000)
  object space 203776K, 27% used [0x00000000a0000000,0x00000000a374c8d8,0x00000000ac700000)
 Metaspace       used 66275K, capacity 68497K, committed 68736K, reserved 1110016K
  class space    used 7901K, capacity 8463K, committed 8576K, reserved 1048576K
}

